#
# A fatal error has been detected by the Java Runtime Environment:
#
#  EXCEPTION_ACCESS_VIOLATION (0xc0000005) at pc=0x0000000062692868, pid=2824, tid=9096
#
# JRE version: Java(TM) SE Runtime Environment (8.0_74-b02) (build 1.8.0_74-b02)
# Java VM: Java HotSpot(TM) 64-Bit Server VM (25.74-b02 mixed mode windows-amd64 compressed oops)
# Problematic frame:
# C  [jdwp.dll+0x22868]
#
# Failed to write core dump. Minidumps are not enabled by default on client versions of Windows
#
# If you would like to submit a bug report, please visit:
#   http://bugreport.java.com/bugreport/crash.jsp
# The crash happened outside the Java Virtual Machine in native code.
# See problematic frame for where to report the bug.
#

---------------  T H R E A D  ---------------

Current thread (0x000000001d962000):  JavaThread "JDWP Command Reader" daemon [_thread_in_native, id=9096, stack(0x000000001e410000,0x000000001e510000)]

siginfo: ExceptionCode=0xc0000005, reading address 0x0000000000000000

Registers:
RAX=0x000000006269f5a0, RBX=0x000000000000000c, RCX=0x0000000000000000, RDX=0x0000000000000028
RSP=0x000000001e50f5a0, RBP=0x00000000626991a8, RSI=0x0000000000000004, RDI=0x00000000716733c0
R8 =0x000000001e50f608, R9 =0x7efefefefefeff6b, R10=0x81010101010100f8, R11=0x8101010101010100
R12=0x000000001d962710, R13=0x000000001d962ae8, R14=0x0000000000000000, R15=0x0000000062699198
RIP=0x0000000062692868, EFLAGS=0x0000000000010206

Top of Stack: (sp=0x000000001e50f5a0)
0x000000001e50f5a0:   0000000000002714 ffffffffffb3b4c0
0x000000001e50f5b0:   0000000000000308 000000001e50f6d8
0x000000001e50f5c0:   0000000000000001 00000000716723c0
0x000000001e50f5d0:   000000001e50f628 0000000000000000
0x000000001e50f5e0:   0000000000000020 0000000000000020
0x000000001e50f5f0:   00000000716733c0 000000007167108e
0x000000001e50f600:   000000000000000c 0000000000000000
0x000000001e50f610:   0000000000000004 0000000051ba4c4d
0x000000001e50f620:   7075727265746e49 636e756620646574
0x000000001e50f630:   6c6163206e6f6974 000000000000006c
0x000000001e50f640:   0000000062699198 0000000000000000
0x000000001e50f650:   000000001d962ae8 0000000000000000
0x000000001e50f660:   00000000000002ac 000007fefd901649
0x000000001e50f670:   00000000000002ac 0000000002225c80
0x000000001e50f680:   0000000000000004 000000001e50f6c4
0x000000001e50f690:   000000001e50f728 0000000000000000 

Instructions: (pc=0x0000000062692868)
0x0000000062692848:   83 ec 50 48 63 d1 85 c9 75 07 33 c0 e9 84 00 00
0x0000000062692858:   00 48 8b 05 88 d4 00 00 4c 8d 44 24 68 48 8b 08
0x0000000062692868:   48 8b 01 ff 90 68 01 00 00 8b f8 85 c0 74 61 8b
0x0000000062692878:   c8 e8 72 ca fe ff 48 8b d8 ff 15 a9 49 00 00 c7 


Register to memory mapping:

RAX=0x000000006269f5a0 is an unknown value
RBX=0x000000000000000c is an unknown value
RCX=0x0000000000000000 is an unknown value
RDX=0x0000000000000028 is an unknown value
RSP=0x000000001e50f5a0 is pointing into the stack for thread: 0x000000001d962000
RBP=0x00000000626991a8 is an unknown value
RSI=0x0000000000000004 is an unknown value
RDI=